# JRE version: Java(TM) SE Runtime Environment (7.0_40-b43) (build 1.7.0_40-b43)
# Java VM: Java HotSpot(TM) 64-Bit Server VM (24.0-b56 mixed mode bsd-amd64 compressed oops)
Heap
 PSYoungGen      total 683008K, used 471505K [0x00000007d5500000, 0x0000000800000000, 0x0000000800000000)
  eden space 671744K, 68% used [0x00000007d5500000,0x00000007f16839d8,0x00000007fe500000)
  from space 11264K, 99% used [0x00000007ff480000,0x00000007fff70b00,0x00000007fff80000)
  to   space 13824K, 0% used [0x00000007fe500000,0x00000007fe500000,0x00000007ff280000)
 ParOldGen       total 1397760K, used 1130560K [0x0000000780000000, 0x00000007d5500000, 0x00000007d5500000)
  object space 1397760K, 80% used [0x0000000780000000,0x00000007c5010198,0x00000007d5500000)
 PSPermGen       total 21504K, used 5190K [0x000000077ae00000, 0x000000077c300000, 0x0000000780000000)
  object space 21504K, 24% used [0x000000077ae00000,0x000000077b311820,0x000000077c300000)
GC Heap History (10 events):
Event: 29701.485 GC heap before
{Heap before GC invocations=10241 (full 36):
 PSYoungGen      total 685568K, used 674336K [0x00000007d5500000, 0x00000007ffe80000, 0x0000000800000000)
  eden space 674304K, 100% used [0x00000007d5500000,0x00000007fe780000,0x00000007fe780000)
  from space 11264K, 0% used [0x00000007ff380000,0x00000007ff388000,0x00000007ffe80000)
  to   space 11776K, 0% used [0x00000007fe780000,0x00000007fe780000,0x00000007ff300000)
 ParOldGen       total 1397760K, used 1242152K [0x0000000780000000, 0x00000007d5500000, 0x00000007d5500000)
  object space 1397760K, 88% used [0x0000000780000000,0x00000007cbd0a2c8,0x00000007d5500000)
 PSPermGen       total 21504K, used 5181K [0x000000077ae00000, 0x000000077c300000, 0x0000000780000000)
  object space 21504K, 24% used [0x000000077ae00000,0x000000077b30f5e8,0x000000077c300000)
Event: 29701.495 GC heap after
Heap after GC invocations=10241 (full 36):
 PSYoungGen      total 686080K, used 0K [0x00000007d5500000, 0x00000007fff80000, 0x0000000800000000)
  eden space 674304K, 0% used [0x00000007d5500000,0x00000007d5500000,0x00000007fe780000)
  from space 11776K, 0% used [0x00000007fe780000,0x00000007fe780000,0x00000007ff300000)
  to   space 11264K, 0% used [0x00000007ff480000,0x00000007ff480000,0x00000007fff80000)
 ParOldGen       total 1397760K, used 1242152K [0x0000000780000000, 0x00000007d5500000, 0x00000007d5500000)
  object space 1397760K, 88% used [0x0000000780000000,0x00000007cbd0a2c8,0x00000007d5500000)
 PSPermGen       total 21504K, used 5181K [0x000000077ae00000, 0x000000077c300000, 0x0000000780000000)
  object space 21504K, 24% used [0x000000077ae00000,0x000000077b30f5e8,0x000000077c300000)
}
Event: 29702.181 GC heap before
{Heap before GC invocations=10242 (full 36):
 PSYoungGen      total 686080K, used 674304K [0x00000007d5500000, 0x00000007fff80000, 0x0000000800000000)
  eden space 674304K, 100% used [0x00000007d5500000,0x00000007fe780000,0x00000007fe780000)
  from space 11776K, 0% used [0x00000007fe780000,0x00000007fe780000,0x00000007ff300000)
  to   space 11264K, 0% used [0x00000007ff480000,0x00000007ff480000,0x00000007fff80000)
 ParOldGen       total 1397760K, used 1242152K [0x0000000780000000, 0x00000007d5500000, 0x00000007d5500000)
  object space 1397760K, 88% used [0x0000000780000000,0x00000007cbd0a2c8,0x00000007d5500000)
 PSPermGen       total 21504K, used 5181K [0x000000077ae00000, 0x000000077c300000, 0x0000000780000000)
  object space 21504K, 24% used [0x000000077ae00000,0x000000077b30f5e8,0x000000077c300000)
Event: 29702.466 GC heap after
Heap after GC invocations=10242 (full 36):
 PSYoungGen      total 686080K, used 674304K [0x00000007d5500000, 0x00000007fff80000, 0x0000000800000000)
  eden space 674304K, 100% used [0x00000007d5500000,0x00000007fe780000,0x00000007fe780000)
  from space 11776K, 0% used [0x00000007fe780000,0x00000007fe780000,0x00000007ff300000)
  to   space 11264K, 99% used [0x00000007ff480000,0x00000007fff78b00,0x00000007fff80000)
 ParOldGen       total 1397760K, used 1397710K [0x0000000780000000, 0x00000007d5500000, 0x00000007d5500000)
  object space 1397760K, 99% used [0x0000000780000000,0x00000007d54f3aa8,0x00000007d5500000)
 PSPermGen       total 21504K, used 5181K [0x000000077ae00000, 0x000000077c300000, 0x0000000780000000)
  object space 21504K, 24% used [0x000000077ae00000,0x000000077b30f5e8,0x000000077c300000)
}
Event: 29702.466 GC heap before
{Heap before GC invocations=10243 (full 37):
 PSYoungGen      total 686080K, used 674304K [0x00000007d5500000, 0x00000007fff80000, 0x0000000800000000)
  eden space 674304K, 100% used [0x00000007d5500000,0x00000007fe780000,0x00000007fe780000)
  from space 11776K, 0% used [0x00000007fe780000,0x00000007fe780000,0x00000007ff300000)
  to   space 11264K, 99% used [0x00000007ff480000,0x00000007fff78b00,0x00000007fff80000)
 ParOldGen       total 1397760K, used 1397710K [0x0000000780000000, 0x00000007d5500000, 0x00000007d5500000)
  object space 1397760K, 99% used [0x0000000780000000,0x00000007d54f3aa8,0x00000007d5500000)
 PSPermGen       total 21504K, used 5181K [0x000000077ae00000, 0x000000077c300000, 0x0000000780000000)
  object space 21504K, 24% used [0x000000077ae00000,0x000000077b30f5e8,0x000000077c300000)
Event: 29702.940 GC heap after
Heap after GC invocations=10243 (full 37):
 PSYoungGen      total 686080K, used 0K [0x00000007d5500000, 0x00000007fff80000, 0x0000000800000000)
  eden space 674304K, 0% used [0x00000007d5500000,0x00000007d5500000,0x00000007fe780000)
  from space 11776K, 0% used [0x00000007fe780000,0x00000007fe780000,0x00000007ff300000)
  to   space 11264K, 0% used [0x00000007ff480000,0x00000007ff480000,0x00000007fff80000)
 ParOldGen       total 1072640K, used 468702K [0x0000000780000000, 0x00000007c1780000, 0x00000007d5500000)
  object space 1072640K, 43% used [0x0000000780000000,0x000000079c9b7b68,0x00000007c1780000)
 PSPermGen       total 21504K, used 5181K [0x000000077ae00000, 0x000000077c300000, 0x0000000780000000)
  object space 21504K, 24% used [0x000000077ae00000,0x000000077b30f5e8,0x000000077c300000)
}
Event: 29708.021 GC heap before
{Heap before GC invocations=10244 (full 37):
 PSYoungGen      total 686080K, used 674304K [0x00000007d5500000, 0x00000007fff80000, 0x0000000800000000)
  eden space 674304K, 100% used [0x00000007d5500000,0x00000007fe780000,0x00000007fe780000)
  from space 11776K, 0% used [0x00000007fe780000,0x00000007fe780000,0x00000007ff300000)
  to   space 11264K, 0% used [0x00000007ff480000,0x00000007ff480000,0x00000007fff80000)
 ParOldGen       total 1072640K, used 468702K [0x0000000780000000, 0x00000007c1780000, 0x00000007d5500000)
  object space 1072640K, 43% used [0x0000000780000000,0x000000079c9b7b68,0x00000007c1780000)
 PSPermGen       total 21504K, used 5181K [0x000000077ae00000, 0x000000077c300000, 0x0000000780000000)
  object space 21504K, 24% used [0x000000077ae00000,0x000000077b30f5e8,0x000000077c300000)
Event: 29708.505 GC heap after
Heap after GC invocations=10244 (full 37):
 PSYoungGen      total 683008K, used 11202K [0x00000007d5500000, 0x0000000800000000, 0x0000000800000000)
  eden space 671744K, 0% used [0x00000007d5500000,0x00000007d5500000,0x00000007fe500000)
  from space 11264K, 99% used [0x00000007ff480000,0x00000007fff70b00,0x00000007fff80000)
  to   space 13824K, 0% used [0x00000007fe500000,0x00000007fe500000,0x00000007ff280000)
 ParOldGen       total 1131008K, used 1130560K [0x0000000780000000, 0x00000007c5080000, 0x00000007d5500000)
  object space 1131008K, 99% used [0x0000000780000000,0x00000007c5010198,0x00000007c5080000)
 PSPermGen       total 21504K, used 5181K [0x000000077ae00000, 0x000000077c300000, 0x0000000780000000)
  object space 21504K, 24% used [0x000000077ae00000,0x000000077b30f5e8,0x000000077c300000)
}
Event: 29708.505 GC heap before
{Heap before GC invocations=10245 (full 38):
 PSYoungGen      total 683008K, used 11202K [0x00000007d5500000, 0x0000000800000000, 0x0000000800000000)
  eden space 671744K, 0% used [0x00000007d5500000,0x00000007d5500000,0x00000007fe500000)
  from space 11264K, 99% used [0x00000007ff480000,0x00000007fff70b00,0x00000007fff80000)
  to   space 13824K, 0% used [0x00000007fe500000,0x00000007fe500000,0x00000007ff280000)
 ParOldGen       total 1131008K, used 1130560K [0x0000000780000000, 0x00000007c5080000, 0x00000007d5500000)
  object space 1131008K, 99% used [0x0000000780000000,0x00000007c5010198,0x00000007c5080000)
 PSPermGen       total 21504K, used 5181K [0x000000077ae00000, 0x000000077c300000, 0x0000000780000000)
  object space 21504K, 24% used [0x000000077ae00000,0x000000077b30f5e8,0x000000077c300000)
Event: 29708.559 GC heap after
Heap after GC invocations=10245 (full 38):
 PSYoungGen      total 683008K, used 11202K [0x00000007d5500000, 0x0000000800000000, 0x0000000800000000)
  eden space 671744K, 0% used [0x00000007d5500000,0x00000007d5500000,0x00000007fe500000)
  from space 11264K, 99% used [0x00000007ff480000,0x00000007fff70b00,0x00000007fff80000)
  to   space 13824K, 0% used [0x00000007fe500000,0x00000007fe500000,0x00000007ff280000)
 ParOldGen       total 1397760K, used 1130560K [0x0000000780000000, 0x00000007d5500000, 0x00000007d5500000)
  object space 1397760K, 80% used [0x0000000780000000,0x00000007c5010198,0x00000007d5500000)
 PSPermGen       total 21504K, used 5181K [0x000000077ae00000, 0x000000077c300000, 0x0000000780000000)
  object space 21504K, 24% used [0x000000077ae00000,0x000000077b30f5e8,0x000000077c300000)
}

