# JRE version: Java(TM) SE Runtime Environment (7.0_40-b43) (build 1.7.0_40-b43)
# Java VM: Java HotSpot(TM) 64-Bit Server VM (24.0-b56 mixed mode bsd-amd64 compressed oops)
Heap
 PSYoungGen      total 493056K, used 300701K [0x00000007d5500000, 0x0000000800000000, 0x0000000800000000)
  eden space 424960K, 58% used [0x00000007d5500000,0x00000007e49ac5c8,0x00000007ef400000)
  from space 68096K, 73% used [0x00000007ef400000,0x00000007f24fb100,0x00000007f3680000)
  to   space 79872K, 0% used [0x00000007fb200000,0x00000007fb200000,0x0000000800000000)
 ParOldGen       total 1397760K, used 1292350K [0x0000000780000000, 0x00000007d5500000, 0x00000007d5500000)
  object space 1397760K, 92% used [0x0000000780000000,0x00000007cee0f890,0x00000007d5500000)
 PSPermGen       total 21504K, used 5169K [0x000000077ae00000, 0x000000077c300000, 0x0000000780000000)
  object space 21504K, 24% used [0x000000077ae00000,0x000000077b30c5c0,0x000000077c300000)
GC Heap History (10 events):
Event: 1883.882 GC heap before
{Heap before GC invocations=16 (full 7):
 PSYoungGen      total 369664K, used 49132K [0x00000007d5500000, 0x00000007f6f80000, 0x0000000800000000)
  eden space 320512K, 0% used [0x00000007d5500000,0x00000007d5500000,0x00000007e8e00000)
  from space 49152K, 99% used [0x00000007e8e00000,0x00000007ebdfb000,0x00000007ebe00000)
  to   space 58368K, 0% used [0x00000007f3680000,0x00000007f3680000,0x00000007f6f80000)
 ParOldGen       total 552960K, used 552937K [0x0000000780000000, 0x00000007a1c00000, 0x00000007d5500000)
  object space 552960K, 99% used [0x0000000780000000,0x00000007a1bfa6a0,0x00000007a1c00000)
 PSPermGen       total 21504K, used 5160K [0x000000077ae00000, 0x000000077c300000, 0x0000000780000000)
  object space 21504K, 23% used [0x000000077ae00000,0x000000077b30a388,0x000000077c300000)
Event: 1883.943 GC heap after
Heap after GC invocations=16 (full 7):
 PSYoungGen      total 369664K, used 49132K [0x00000007d5500000, 0x00000007f6f80000, 0x0000000800000000)
  eden space 320512K, 0% used [0x00000007d5500000,0x00000007d5500000,0x00000007e8e00000)
  from space 49152K, 99% used [0x00000007e8e00000,0x00000007ebdfb000,0x00000007ebe00000)
  to   space 58368K, 0% used [0x00000007f3680000,0x00000007f3680000,0x00000007f6f80000)
 ParOldGen       total 887296K, used 552937K [0x0000000780000000, 0x00000007b6280000, 0x00000007d5500000)
  object space 887296K, 62% used [0x0000000780000000,0x00000007a1bfa6a0,0x00000007b6280000)
 PSPermGen       total 21504K, used 5160K [0x000000077ae00000, 0x000000077c300000, 0x0000000780000000)
  object space 21504K, 23% used [0x000000077ae00000,0x000000077b30a388,0x000000077c300000)
}
Event: 1884.138 GC heap before
{Heap before GC invocations=17 (full 7):
 PSYoungGen      total 369664K, used 369644K [0x00000007d5500000, 0x00000007f6f80000, 0x0000000800000000)
  eden space 320512K, 100% used [0x00000007d5500000,0x00000007e8e00000,0x00000007e8e00000)
  from space 49152K, 99% used [0x00000007e8e00000,0x00000007ebdfb000,0x00000007ebe00000)
  to   space 58368K, 0% used [0x00000007f3680000,0x00000007f3680000,0x00000007f6f80000)
 ParOldGen       total 887296K, used 552937K [0x0000000780000000, 0x00000007b6280000, 0x00000007d5500000)
  object space 887296K, 62% used [0x0000000780000000,0x00000007a1bfa6a0,0x00000007b6280000)
 PSPermGen       total 21504K, used 5160K [0x000000077ae00000, 0x000000077c300000, 0x0000000780000000)
  object space 21504K, 23% used [0x000000077ae00000,0x000000077b30a388,0x000000077c300000)
Event: 1885.111 GC heap after
Heap after GC invocations=17 (full 7):
 PSYoungGen      total 483328K, used 58350K [0x00000007d5500000, 0x00000007fa100000, 0x0000000800000000)
  eden space 424960K, 0% used [0x00000007d5500000,0x00000007d5500000,0x00000007ef400000)
  from space 58368K, 99% used [0x00000007f3680000,0x00000007f6f7b900,0x00000007f6f80000)
  to   space 68096K, 0% used [0x00000007ef400000,0x00000007ef400000,0x00000007f3680000)
 ParOldGen       total 887296K, used 861172K [0x0000000780000000, 0x00000007b6280000, 0x00000007d5500000)
  object space 887296K, 97% used [0x0000000780000000,0x00000007b48fd390,0x00000007b6280000)
 PSPermGen       total 21504K, used 5160K [0x000000077ae00000, 0x000000077c300000, 0x0000000780000000)
  object space 21504K, 23% used [0x000000077ae00000,0x000000077b30a388,0x000000077c300000)
}
Event: 1885.111 GC heap before
{Heap before GC invocations=18 (full 8):
 PSYoungGen      total 483328K, used 58350K [0x00000007d5500000, 0x00000007fa100000, 0x0000000800000000)
  eden space 424960K, 0% used [0x00000007d5500000,0x00000007d5500000,0x00000007ef400000)
  from space 58368K, 99% used [0x00000007f3680000,0x00000007f6f7b900,0x00000007f6f80000)
  to   space 68096K, 0% used [0x00000007ef400000,0x00000007ef400000,0x00000007f3680000)
 ParOldGen       total 887296K, used 861172K [0x0000000780000000, 0x00000007b6280000, 0x00000007d5500000)
  object space 887296K, 97% used [0x0000000780000000,0x00000007b48fd390,0x00000007b6280000)
 PSPermGen       total 21504K, used 5160K [0x000000077ae00000, 0x000000077c300000, 0x0000000780000000)
  object space 21504K, 23% used [0x000000077ae00000,0x000000077b30a388,0x000000077c300000)
Event: 1885.532 GC heap after
Heap after GC invocations=18 (full 8):
 PSYoungGen      total 483328K, used 32711K [0x00000007d5500000, 0x00000007fa100000, 0x0000000800000000)
  eden space 424960K, 0% used [0x00000007d5500000,0x00000007d5500000,0x00000007ef400000)
  from space 58368K, 56% used [0x00000007f3680000,0x00000007f5671ff0,0x00000007f6f80000)
  to   space 68096K, 0% used [0x00000007ef400000,0x00000007ef400000,0x00000007f3680000)
 ParOldGen       total 1292800K, used 886811K [0x0000000780000000, 0x00000007cee80000, 0x00000007d5500000)
  object space 1292800K, 68% used [0x0000000780000000,0x00000007b6206ca0,0x00000007cee80000)
 PSPermGen       total 21504K, used 5160K [0x000000077ae00000, 0x000000077c300000, 0x0000000780000000)
  object space 21504K, 23% used [0x000000077ae00000,0x000000077b30a388,0x000000077c300000)
}
Event: 1888.320 GC heap before
{Heap before GC invocations=19 (full 8):
 PSYoungGen      total 483328K, used 457671K [0x00000007d5500000, 0x00000007fa100000, 0x0000000800000000)
  eden space 424960K, 100% used [0x00000007d5500000,0x00000007ef400000,0x00000007ef400000)
  from space 58368K, 56% used [0x00000007f3680000,0x00000007f5671ff0,0x00000007f6f80000)
  to   space 68096K, 0% used [0x00000007ef400000,0x00000007ef400000,0x00000007f3680000)
 ParOldGen       total 1292800K, used 886811K [0x0000000780000000, 0x00000007cee80000, 0x00000007d5500000)
  object space 1292800K, 68% used [0x0000000780000000,0x00000007b6206ca0,0x00000007cee80000)
 PSPermGen       total 21504K, used 5160K [0x000000077ae00000, 0x000000077c300000, 0x0000000780000000)
  object space 21504K, 23% used [0x000000077ae00000,0x000000077b30a388,0x000000077c300000)
Event: 1890.291 GC heap after
Heap after GC invocations=19 (full 8):
 PSYoungGen      total 493056K, used 68080K [0x00000007d5500000, 0x0000000800000000, 0x0000000800000000)
  eden space 424960K, 0% used [0x00000007d5500000,0x00000007d5500000,0x00000007ef400000)
  from space 68096K, 99% used [0x00000007ef400000,0x00000007f367c280,0x00000007f3680000)
  to   space 79872K, 0% used [0x00000007fb200000,0x00000007fb200000,0x0000000800000000)
 ParOldGen       total 1292800K, used 1274425K [0x0000000780000000, 0x00000007cee80000, 0x00000007d5500000)
  object space 1292800K, 98% used [0x0000000780000000,0x00000007cdc8e710,0x00000007cee80000)
 PSPermGen       total 21504K, used 5160K [0x000000077ae00000, 0x000000077c300000, 0x0000000780000000)
  object space 21504K, 23% used [0x000000077ae00000,0x000000077b30a388,0x000000077c300000)
}
Event: 1890.291 GC heap before
{Heap before GC invocations=20 (full 9):
 PSYoungGen      total 493056K, used 68080K [0x00000007d5500000, 0x0000000800000000, 0x0000000800000000)
  eden space 424960K, 0% used [0x00000007d5500000,0x00000007d5500000,0x00000007ef400000)
  from space 68096K, 99% used [0x00000007ef400000,0x00000007f367c280,0x00000007f3680000)
  to   space 79872K, 0% used [0x00000007fb200000,0x00000007fb200000,0x0000000800000000)
 ParOldGen       total 1292800K, used 1274425K [0x0000000780000000, 0x00000007cee80000, 0x00000007d5500000)
  object space 1292800K, 98% used [0x0000000780000000,0x00000007cdc8e710,0x00000007cee80000)
 PSPermGen       total 21504K, used 5160K [0x000000077ae00000, 0x000000077c300000, 0x0000000780000000)
  object space 21504K, 23% used [0x000000077ae00000,0x000000077b30a388,0x000000077c300000)
Event: 1890.455 GC heap after
Heap after GC invocations=20 (full 9):
 PSYoungGen      total 493056K, used 50156K [0x00000007d5500000, 0x0000000800000000, 0x0000000800000000)
  eden space 424960K, 0% used [0x00000007d5500000,0x00000007d5500000,0x00000007ef400000)
  from space 68096K, 73% used [0x00000007ef400000,0x00000007f24fb100,0x00000007f3680000)
  to   space 79872K, 0% used [0x00000007fb200000,0x00000007fb200000,0x0000000800000000)
 ParOldGen       total 1397760K, used 1292350K [0x0000000780000000, 0x00000007d5500000, 0x00000007d5500000)
  object space 1397760K, 92% used [0x0000000780000000,0x00000007cee0f890,0x00000007d5500000)
 PSPermGen       total 21504K, used 5160K [0x000000077ae00000, 0x000000077c300000, 0x0000000780000000)
  object space 21504K, 23% used [0x000000077ae00000,0x000000077b30a388,0x000000077c300000)
}

